{
  "RSpec": {
    "coverage": {
      "/Users/jorjafleming/mod-1/futbol/spec/game_stats_spec.rb": {
        "lines": [
          1,
          null
        ]
      },
      "/Users/jorjafleming/mod-1/futbol/spec/stat_tracker_spec.rb": {
        "lines": [
          1,
          1,
          1,
          null,
          1,
          null,
          3,
          7,
          5,
          5,
          null,
          1,
          1,
          1,
          null,
          null,
          1,
          1,
          1,
          null,
          null,
          1,
          1,
          1,
          null,
          null,
          1,
          1,
          2,
          null,
          null,
          1,
          1,
          null,
          null,
          1,
          1,
          null,
          null,
          null,
          1,
          4,
          1,
          3,
          3,
          3,
          null,
          null,
          1,
          1,
          null,
          null,
          null,
          null,
          null,
          null,
          null,
          null,
          null,
          null,
          null,
          null,
          null,
          null,
          null,
          null,
          null,
          null,
          null,
          null,
          null,
          null,
          null,
          null,
          null,
          null,
          null,
          null,
          null,
          null,
          null,
          null,
          null,
          1,
          null,
          null,
          1,
          1,
          null,
          null,
          1,
          1,
          null,
          null,
          null,
          null,
          null
        ]
      },
      "/Users/jorjafleming/mod-1/futbol/lib/stat_tracker.rb": {
        "lines": [
          1,
          1,
          1,
          1,
          null,
          1,
          null,
          1,
          14,
          6,
          8,
          4,
          null,
          4,
          null,
          null,
          null,
          1,
          4,
          4,
          4,
          null,
          null,
          1,
          6,
          6,
          6,
          null,
          null,
          1,
          4,
          4,
          4,
          null,
          null,
          1,
          1,
          1,
          7441,
          3237,
          null,
          null,
          1,
          1,
          null,
          null,
          1,
          0,
          0,
          null,
          null,
          null,
          1,
          1,
          1,
          7441,
          2687,
          null,
          null,
          1,
          1,
          null,
          null,
          1,
          33,
          1,
          7,
          1,
          null,
          null,
          1,
          null,
          null,
          1,
          33,
          1,
          28,
          1,
          null,
          null,
          1,
          null,
          null,
          1,
          3,
          3,
          44646,
          null,
          3,
          null,
          null,
          null,
          null
        ]
      }
    },
    "timestamp": 1686430022
  }
}
